#
# A fatal error has been detected by the Java Runtime Environment:
#
#  EXCEPTION_ACCESS_VIOLATION (0xc0000005) at pc=0x6d0b68b0, pid=2736, tid=3408
#
# JRE version: 6.0_18-b07
# Java VM: Java HotSpot(TM) Client VM (16.0-b13 mixed mode, sharing windows-x86 )
# Problematic frame:
# C  [awt.dll+0xb68b0]
#
# If you would like to submit a bug report, please visit:
#   http://java.sun.com/webapps/bugreport/crash.jsp
# The crash happened outside the Java Virtual Machine in native code.
# See problematic frame for where to report the bug.
#

---------------  T H R E A D  ---------------

Current thread (0x01ad8000):  JavaThread "AWT-Windows" daemon [_thread_in_native, id=3408, stack(0x04260000,0x042b0000)]

siginfo: ExceptionCode=0xc0000005, reading address 0x00000000

Registers:
EAX=0x042af760, EBX=0x05179ce0, ECX=0x0000037c, EDX=0x00000180
ESP=0x042af748, EBP=0x042af8b8, ESI=0x00000000, EDI=0x00000180
EIP=0x6d0b68b0, EFLAGS=0x00010202

Top of Stack: (sp=0x042af748)
0x042af748:   042af760 00001000 00000000 01affaa8
0x042af758:   01affa00 00000384 0000023e 6d0aed8c
0x042af768:   00000000 01adc160 05172048 01affaa8
0x042af778:   6d0b3513 00000000 00009824 01ad8110
0x042af788:   00000001 00000384 042af7a0 042af7bc
0x042af798:   00000384 00000000 042af808 01ad8110
0x042af7a8:   01a3ccc8 deb4c3d4 00000000 042af744
0x042af7b8:   042af764 042af7a9 00000001 00000008 

Instructions: (pc=0x6d0b68b0)
0x6d0b68a0:   05 00 20 00 00 50 c1 e2 05 8d 44 24 14 50 8b fa
0x6d0b68b0:   8b 16 57 c1 e1 05 51 56 ff 52 2c 85 c0 0f 8c 93 


Stack: [0x04260000,0x042b0000],  sp=0x042af748,  free space=13d042af264k
Native frames: (J=compiled Java code, j=interpreted, Vv=VM code, C=native code)
C  [awt.dll+0xb68b0]
C  [awt.dll+0x9c4dc]
C  [USER32.dll+0x186ef]
C  [USER32.dll+0x18876]
C  [USER32.dll+0x170f4]
C  [USER32.dll+0x1738f]
C  [ntdll.dll+0x4642e]
C  [USER32.dll+0x192a9]

Java frames: (J=compiled Java code, j=interpreted, Vv=VM code)
j  sun.awt.windows.WToolkit.eventLoop()V+0
j  sun.awt.windows.WToolkit.run()V+77
j  java.lang.Thread.run()V+11
v  ~StubRoutines::call_stub

---------------  P R O C E S S  ---------------

Java Threads: ( => current thread )
  0x01a1ec00 JavaThread "DestroyJavaVM" [_thread_blocked, id=4060, stack(0x00270000,0x002c0000)]
  0x051d4800 JavaThread "TimerQueue" daemon [_thread_blocked, id=2212, stack(0x07f70000,0x07fc0000)]
  0x051d2c00 JavaThread "D3D Screen Updater" daemon [_thread_blocked, id=3932, stack(0x07f20000,0x07f70000)]
  0x051c7400 JavaThread "AWT-EventQueue-0" [_thread_in_native, id=3332, stack(0x05890000,0x058e0000)]
=>0x01ad8000 JavaThread "AWT-Windows" daemon [_thread_in_native, id=3408, stack(0x04260000,0x042b0000)]
  0x01ad7c00 JavaThread "AWT-Shutdown" [_thread_blocked, id=664, stack(0x04210000,0x04260000)]
  0x01ad5400 JavaThread "Java2D Disposer" daemon [_thread_blocked, id=1612, stack(0x03f60000,0x03fb0000)]
  0x01a59400 JavaThread "Low Memory Detector" daemon [_thread_blocked, id=2628, stack(0x03ec0000,0x03f10000)]
  0x01a50c00 JavaThread "CompilerThread0" daemon [_thread_blocked, id=904, stack(0x03e70000,0x03ec0000)]
  0x01a50400 JavaThread "Attach Listener" daemon [_thread_blocked, id=2592, stack(0x03e20000,0x03e70000)]
  0x01a4dc00 JavaThread "Signal Dispatcher" daemon [_thread_blocked, id=3676, stack(0x03dd0000,0x03e20000)]
  0x01a3ec00 JavaThread "Finalizer" daemon [_thread_blocked, id=2412, stack(0x03d80000,0x03dd0000)]
  0x01a3d800 JavaThread "Reference Handler" daemon [_thread_blocked, id=316, stack(0x03d30000,0x03d80000)]

Other Threads:
  0x01a3bc00 VMThread [stack: 0x03ce0000,0x03d30000] [id=3128]
  0x01a5ac00 WatcherThread [stack: 0x03f10000,0x03f60000] [id=1280]

VM state:not at safepoint (normal execution)

VM Mutex/Monitor currently owned by a thread: None

Heap
 def new generation   total 78656K, used 32658K [0x13bc0000, 0x19110000, 0x1e660000)
  eden space 69952K,  40% used [0x13bc0000, 0x157425d8, 0x18010000)
  from space 8704K,  51% used [0x18890000, 0x18cf22e0, 0x19110000)
  to   space 8704K,   0% used [0x18010000, 0x18010000, 0x18890000)
 tenured generation   total 174784K, used 32000K [0x1e660000, 0x29110000, 0x33bc0000)
   the space 174784K,  18% used [0x1e660000, 0x205a0020, 0x205a0200, 0x29110000)
 compacting perm gen  total 12288K, used 812K [0x33bc0000, 0x347c0000, 0x37bc0000)
   the space 12288K,   6% used [0x33bc0000, 0x33c8b1d0, 0x33c8b200, 0x347c0000)
    ro space 10240K,  51% used [0x37bc0000, 0x380e7b58, 0x380e7c00, 0x385c0000)
    rw space 12288K,  54% used [0x385c0000, 0x38c54ce0, 0x38c54e00, 0x391c0000)

Dynamic libraries:
0x00400000 - 0x00424000 	C:\Windows\system32\java.exe
0x77720000 - 0x7785c000 	C:\Windows\SYSTEM32\ntdll.dll
0x762a0000 - 0x76374000 	C:\Windows\system32\kernel32.dll
0x75970000 - 0x759ba000 	C:\Windows\system32\KERNELBASE.dll
0x76000000 - 0x760a0000 	C:\Windows\system32\ADVAPI32.dll
0x766a0000 - 0x7674c000 	C:\Windows\system32\msvcrt.dll
0x75c40000 - 0x75c59000 	C:\Windows\SYSTEM32\sechost.dll
0x778a0000 - 0x77941000 	C:\Windows\system32\RPCRT4.dll
0x7c340000 - 0x7c396000 	C:\Program Files\Java\jre6\bin\msvcr71.dll
0x6d800000 - 0x6da97000 	C:\Program Files\Java\jre6\bin\client\jvm.dll
0x76570000 - 0x76639000 	C:\Windows\system32\USER32.dll
0x76750000 - 0x7679e000 	C:\Windows\system32\GDI32.dll
0x77860000 - 0x7786a000 	C:\Windows\system32\LPK.dll
0x760a0000 - 0x7613d000 	C:\Windows\system32\USP10.dll
0x73290000 - 0x732c2000 	C:\Windows\system32\WINMM.dll
0x77880000 - 0x7789f000 	C:\Windows\system32\IMM32.DLL
0x75b70000 - 0x75c3c000 	C:\Windows\system32\MSCTF.dll
0x757a0000 - 0x757eb000 	C:\Windows\system32\apphelp.dll
0x6d7b0000 - 0x6d7bc000 	C:\Program Files\Java\jre6\bin\verify.dll
0x6d330000 - 0x6d34f000 	C:\Program Files\Java\jre6\bin\java.dll
0x6d290000 - 0x6d298000 	C:\Program Files\Java\jre6\bin\hpi.dll
0x77870000 - 0x77875000 	C:\Windows\system32\PSAPI.DLL
0x6d7f0000 - 0x6d7ff000 	C:\Program Files\Java\jre6\bin\zip.dll
0x6d000000 - 0x6d14a000 	C:\Program Files\Java\jre6\bin\awt.dll
0x73160000 - 0x731b1000 	C:\Windows\system32\WINSPOOL.DRV
0x76410000 - 0x7656c000 	C:\Windows\system32\ole32.dll
0x74900000 - 0x74a9e000 	C:\Windows\WinSxS\x86_microsoft.windows.common-controls_6595b64144ccf1df_6.0.7600.16385_none_421189da2b7fabfc\COMCTL32.dll
0x76640000 - 0x76697000 	C:\Windows\system32\SHLWAPI.dll
0x74450000 - 0x74463000 	C:\Windows\system32\DWMAPI.DLL
0x74780000 - 0x747c0000 	C:\Windows\system32\uxtheme.dll
0x757f0000 - 0x757fc000 	C:\Windows\system32\CRYPTBASE.dll
0x768a0000 - 0x774e9000 	C:\Windows\system32\shell32.dll
0x6d230000 - 0x6d284000 	C:\Program Files\Java\jre6\bin\fontmanager.dll
0x6d610000 - 0x6d623000 	C:\Program Files\Java\jre6\bin\net.dll
0x75c70000 - 0x75ca5000 	C:\Windows\system32\WS2_32.dll
0x75c60000 - 0x75c66000 	C:\Windows\system32\NSI.dll
0x752c0000 - 0x752fc000 	C:\Windows\system32\mswsock.dll
0x752b0000 - 0x752b6000 	C:\Windows\System32\wship6.dll
0x6d630000 - 0x6d639000 	C:\Program Files\Java\jre6\bin\nio.dll
0x05520000 - 0x056e3000 	C:\Windows\system32\d3d9.dll
0x74d60000 - 0x74d69000 	C:\Windows\system32\VERSION.dll
0x73ff0000 - 0x73ff6000 	C:\Windows\system32\d3d8thk.dll
0x65aa0000 - 0x663a3000 	C:\Windows\system32\nvd3dum.dll
0x74160000 - 0x74185000 	C:\Windows\system32\powrprof.dll
0x774f0000 - 0x7768d000 	C:\Windows\system32\SETUPAPI.dll
0x75940000 - 0x75967000 	C:\Windows\system32\CFGMGR32.dll
0x77690000 - 0x7771f000 	C:\Windows\system32\OLEAUT32.dll
0x758f0000 - 0x75902000 	C:\Windows\system32\DEVOBJ.dll
0x76380000 - 0x76403000 	C:\Windows\system32\CLBCatQ.DLL
0x6d450000 - 0x6d474000 	C:\Program Files\Java\jre6\bin\jpeg.dll

VM Arguments:
jvm_args: -Xms256m -Xmx512m 
java_command: Launcher
Launcher Type: SUN_STANDARD

Environment Variables:
PATH=C:\Program Files\NVIDIA Corporation\PhysX\Common;C:\Windows\system32;C:\Windows;C:\Windows\System32\Wbem;C:\Windows\System32\WindowsPowerShell\v1.0\
USERNAME=MKone
OS=Windows_NT
PROCESSOR_IDENTIFIER=x86 Family 6 Model 15 Stepping 11, GenuineIntel



---------------  S Y S T E M  ---------------

OS: Windows 7 Build 7600 

CPU:total 4 (4 cores per cpu, 1 threads per core) family 6 model 15 stepping 11, cmov, cx8, fxsr, mmx, sse, sse2, sse3, ssse3

Memory: 4k page, physical 2095608k(954600k free), swap 4191216k(2586016k free)

vm_info: Java HotSpot(TM) Client VM (16.0-b13) for windows-x86 JRE (1.6.0_18-b07), built on Dec 17 2009 13:35:55 by "java_re" with MS VC++ 7.1 (VS2003)

time: Mon Mar 01 22:43:53 2010
elapsed time: 2260 seconds

