2:27:24 AM:::[mus.ec]Created pipe console.LOG
2:27:26 AM:::Server listening on port 80
2:28:11 AM:::[mus.ec]Created pipe console.LOG
2:28:13 AM:::Server listening on port 80
2:29:32 AM:::[mus.ec]Created pipe console.LOG
2:29:34 AM:::Server listening on port 80
2:41:57 AM:::[mus.ec]Created pipe console.LOG
2:41:59 AM:::[mus.ec]Created pipe console.LOG
2:42:00 AM:::[mus.ec]Created pipe console.LOG
2:42:02 AM:::[mus.ec]Created pipe console.LOG
2:42:04 AM:::[mus.ec]Created pipe console.LOG
2:42:06 AM:::[mus.ec]Created pipe console.LOG
2:42:20 AM:::[mus.ec]Created pipe console.LOG
2:42:44 AM:::Server listening on port 80
3:13:32 AM:::[mus.ec]Created pipe console.LOG
3:13:34 AM:::Server listening on port 80
3:35:22 AM:::[mus.ec]Created pipe console.LOG
3:35:24 AM:::Server listening on port 80
3:36:03 AM:::[mus.ec]Created pipe console.LOG
3:36:04 AM:::Server listening on port 80
3:36:20 AM:::[mus.ec]Created pipe console.LOG
3:36:21 AM:::Server listening on port 80
3:36:34 AM:::[mus.ec]Created pipe console.LOG
3:36:35 AM:::Server listening on port 80
3:36:43 AM:::[mus.ec]Created pipe console.LOG
3:36:44 AM:::Server listening on port 80
3:37:15 AM:::[mus.ec]Created pipe console.LOG
3:37:16 AM:::Server listening on port 80
3:38:01 AM:::[mus.ec]Created pipe console.LOG
3:38:03 AM:::Server listening on port 80
3:42:48 AM:::[mus.ec]Created pipe console.LOG
3:42:50 AM:::Server listening on port 80
4:05:09 AM:::[mus.ec]Created pipe console.LOG
4:05:12 AM:::Server listening on port 80
4:08:21 AM:::[mus.ec]Created pipe console.LOG
4:08:22 AM:::Server listening on port 80
4:08:38 AM:::[mus.ec]Created pipe console.LOG
4:08:39 AM:::Server listening on port 80
4:09:20 AM:::[mus.ec]Created pipe console.LOG
4:09:21 AM:::Server listening on port 80
4:09:22 AM:::[mus.ec]Created pipe console.LOG
4:09:23 AM:::Server listening on port 80
4:09:44 AM:::[mus.ec]Created pipe console.LOG
4:09:45 AM:::Server listening on port 80
4:09:49 AM:::[mus.ec]Created pipe console.LOG
4:09:50 AM:::Server listening on port 80
4:10:02 AM:::[mus.ec]Created pipe console.LOG
4:10:04 AM:::Server listening on port 80
4:10:51 AM:::[mus.ec]Created pipe console.LOG
4:10:52 AM:::Server listening on port 80
4:10:56 AM:::[mus.ec]Created pipe console.LOG
4:10:57 AM:::Server listening on port 80
4:11:09 AM:::[mus.ec]Created pipe console.LOG
4:11:10 AM:::Server listening on port 80
4:11:23 AM:::[mus.ec]Created pipe console.LOG
4:11:24 AM:::Server listening on port 80
4:12:51 AM:::[mus.ec]Created pipe console.LOG
4:12:52 AM:::Server listening on port 80
4:20:33 AM:::[mus.ec]Created pipe console.LOG
4:20:36 AM:::Server listening on port 80
4:22:14 AM:::[mus.ec]Created pipe console.LOG
4:22:15 AM:::Server listening on port 80
4:22:22 AM:::[mus.ec]Created pipe console.LOG
4:22:23 AM:::Server listening on port 80
4:22:43 AM:::[mus.ec]Created pipe console.LOG
4:22:44 AM:::Server listening on port 80
4:23:02 AM:::[mus.ec]Created pipe console.LOG
4:23:03 AM:::Server listening on port 80
4:23:09 AM:::[mus.ec]Created pipe console.LOG
4:23:10 AM:::Server listening on port 80
4:23:43 AM:::[mus.ec]Created pipe console.LOG
4:23:44 AM:::Server listening on port 80
4:23:48 AM:::[mus.ec]Created pipe console.LOG
4:23:49 AM:::Server listening on port 80
4:23:58 AM:::[mus.ec]Created pipe console.LOG
4:23:59 AM:::Server listening on port 80
4:26:16 AM:::[mus.ec]Created pipe console.LOG
4:26:17 AM:::Server listening on port 80
4:26:40 AM:::[mus.ec]Created pipe console.LOG
4:26:41 AM:::Server listening on port 80
4:27:57 AM:::[mus.ec]Created pipe console.LOG
4:27:58 AM:::Server listening on port 80
4:28:27 AM:::[mus.ec]Created pipe console.LOG
4:28:28 AM:::Server listening on port 80
4:39:37 AM:::[mus.ec]Created pipe console.LOG
4:39:38 AM:::Server listening on port 80
4:39:43 AM:::[mus.ec]Created pipe console.LOG
4:39:44 AM:::Server listening on port 80
4:39:49 AM:::[mus.ec]Created pipe console.LOG
4:39:50 AM:::Server listening on port 80
4:39:58 AM:::[mus.ec]Created pipe console.LOG
4:39:59 AM:::Server listening on port 80
4:40:50 AM:::[mus.ec]Created pipe console.LOG
4:40:51 AM:::Server listening on port 80
4:42:13 AM:::[mus.ec]Created pipe console.LOG
4:42:14 AM:::Server listening on port 80
4:42:25 AM:::[mus.ec]Created pipe console.LOG
4:42:26 AM:::Server listening on port 80
4:42:52 AM:::[mus.ec]Created pipe console.LOG
4:42:53 AM:::Server listening on port 80
4:44:22 AM:::[mus.ec]Created pipe console.LOG
4:44:23 AM:::Server listening on port 80
4:57:54 AM:::[mus.ec]Created pipe console.LOG
4:57:56 AM:::Server listening on port 80
4:58:23 AM:::[mus.ec]Created pipe console.LOG
4:58:25 AM:::Server listening on port 80
4:58:33 AM:::[mus.ec]Created pipe console.LOG
4:58:35 AM:::Server listening on port 80
4:59:12 AM:::[mus.ec]Created pipe console.LOG
4:59:14 AM:::Server listening on port 80
4:59:18 AM:::[mus.ec]Created pipe console.LOG
4:59:20 AM:::Server listening on port 80
4:59:27 AM:::[mus.ec]Created pipe console.LOG
4:59:29 AM:::Server listening on port 80
5:00:21 AM:::[mus.ec]Created pipe console.LOG
5:00:23 AM:::Server listening on port 80
5:08:02 AM:::[mus.ec]Created pipe console.LOG
5:08:05 AM:::Server listening on port 80
5:09:27 AM:::[mus.ec]Created pipe console.LOG
5:09:29 AM:::Server listening on port 80
5:09:43 AM:::[mus.ec]Created pipe console.LOG
5:09:45 AM:::Server listening on port 80
5:17:04 AM:::[mus.ec]Created pipe console.LOG
5:17:06 AM:::Server listening on port 80
5:18:02 AM:::[mus.ec]Created pipe console.LOG
5:18:04 AM:::Server listening on port 80
5:28:01 AM:::[mus.ec]Created pipe console.LOG
5:28:03 AM:::Server listening on port 80
5:28:29 AM:::[mus.ec]Created pipe console.LOG
5:28:30 AM:::[mus.ec]Created pipe console.LOG
5:28:32 AM:::Server listening on port 80
5:28:41 AM:::[mus.ec]Created pipe console.LOG
5:28:43 AM:::Server listening on port 80
5:29:00 AM:::[mus.ec]Created pipe console.LOG
5:29:02 AM:::Server listening on port 80
5:29:44 AM:::[mus.ec]Created pipe console.LOG
5:29:44 AM:::[mus.ec]Created pipe console.LOG
5:29:46 AM:::Server listening on port 80
5:30:22 AM:::[mus.ec]Created pipe console.LOG
5:30:23 AM:::Server listening on port 80
5:30:29 AM:::[mus.ec]Created pipe console.LOG
5:30:30 AM:::Server listening on port 80
5:30:36 AM:::[mus.ec]Created pipe console.LOG
5:30:36 AM:::[mus.ec]Created pipe console.LOG
5:30:38 AM:::Server listening on port 80
5:31:06 AM:::[mus.ec]Created pipe console.LOG
5:31:07 AM:::Server listening on port 80
5:33:33 AM:::[mus.ec]Created pipe console.LOG
5:33:34 AM:::Server listening on port 80
5:33:49 AM:::[mus.ec]Created pipe console.LOG
5:33:50 AM:::[mus.ec]Created pipe console.LOG
5:33:51 AM:::Server listening on port 80
5:34:35 AM:::[mus.ec]Created pipe console.LOG
5:34:36 AM:::Server listening on port 80
5:35:19 AM:::[mus.ec]Created pipe console.LOG
5:35:20 AM:::Server listening on port 80
5:35:24 AM:::[mus.ec]Created pipe console.LOG
5:35:25 AM:::Server listening on port 80
5:35:35 AM:::[mus.ec]Created pipe console.LOG
5:35:36 AM:::[mus.ec]Created pipe console.LOG
5:35:37 AM:::Server listening on port 80
5:35:57 AM:::[mus.ec]Created pipe console.LOG
5:35:58 AM:::[mus.ec]Created pipe console.LOG
5:35:59 AM:::Server listening on port 80
5:36:08 AM:::[mus.ec]Created pipe console.LOG
5:36:09 AM:::[mus.ec]Created pipe console.LOG
5:36:10 AM:::Server listening on port 80
5:37:08 AM:::[mus.ec]Created pipe console.LOG
5:37:09 AM:::[mus.ec]Created pipe console.LOG
5:37:10 AM:::Server listening on port 80
5:37:54 AM:::[mus.ec]Created pipe console.LOG
5:37:55 AM:::Server listening on port 80
5:38:05 AM:::[mus.ec]Created pipe console.LOG
5:38:06 AM:::[mus.ec]Created pipe console.LOG
5:38:07 AM:::Server listening on port 80
5:38:31 AM:::[mus.ec]Created pipe console.LOG
5:38:32 AM:::Server listening on port 80
5:38:46 AM:::[mus.ec]Created pipe console.LOG
5:38:47 AM:::Server listening on port 80
5:40:58 AM:::[mus.ec]Created pipe console.LOG
5:40:59 AM:::Server listening on port 80
5:41:11 AM:::[mus.ec]Created pipe console.LOG
5:41:12 AM:::Server listening on port 80
5:41:38 AM:::[mus.ec]Created pipe console.LOG
5:41:39 AM:::Server listening on port 80
5:42:10 AM:::[mus.ec]Created pipe console.LOG
5:42:11 AM:::Server listening on port 80
5:42:18 AM:::[mus.ec]Created pipe console.LOG
5:42:19 AM:::Server listening on port 80
5:42:48 AM:::[mus.ec]Created pipe console.LOG
5:42:49 AM:::Server listening on port 80
5:43:04 AM:::[mus.ec]Created pipe console.LOG
5:43:05 AM:::Server listening on port 80
5:43:52 AM:::[mus.ec]Created pipe console.LOG
5:43:53 AM:::Server listening on port 80
5:44:15 AM:::[mus.ec]Created pipe console.LOG
5:44:16 AM:::Server listening on port 80
5:44:53 AM:::[mus.ec]Created pipe console.LOG
5:44:54 AM:::Server listening on port 80
5:50:07 AM:::[mus.ec]Created pipe console.LOG
5:50:09 AM:::Server listening on port 80
5:50:10 AM:::[mus.ec]Created pipe console.LOG
5:50:11 AM:::[mus.ec]Created pipe console.LOG
5:50:13 AM:::Server listening on port 80
5:50:13 AM:::[mus.ec]Created pipe console.LOG
5:50:14 AM:::[mus.ec]Created pipe console.LOG
5:50:16 AM:::Server listening on port 80
5:50:17 AM:::[mus.ec]Created pipe console.LOG
5:50:19 AM:::Server listening on port 80
5:50:20 AM:::[mus.ec]Created pipe console.LOG
5:50:22 AM:::Server listening on port 80
5:50:40 AM:::[mus.ec]Created pipe console.LOG
5:50:42 AM:::Server listening on port 80
5:50:58 AM:::[mus.ec]Created pipe console.LOG
5:51:00 AM:::Server listening on port 80
5:51:13 AM:::[mus.ec]Created pipe console.LOG
5:51:15 AM:::Server listening on port 80
5:51:16 AM:::[mus.ec]Created pipe console.LOG
5:51:18 AM:::Server listening on port 80
5:51:19 AM:::[mus.ec]Created pipe console.LOG
5:51:21 AM:::Server listening on port 80
5:51:26 AM:::[mus.ec]Created pipe console.LOG
5:51:28 AM:::Server listening on port 80
5:51:33 AM:::[mus.ec]Created pipe console.LOG
5:51:35 AM:::Server listening on port 80
5:51:51 AM:::[mus.ec]Created pipe console.LOG
5:52:03 AM:::[mus.ec]Created pipe console.LOG
5:52:15 AM:::[mus.ec]Created pipe console.LOG
5:52:51 AM:::Server listening on port 80
5:53:36 AM:::[mus.ec]Created pipe console.LOG
5:53:49 AM:::[mus.ec]Created pipe console.LOG
5:53:57 AM:::[mus.ec]Created pipe console.LOG
5:54:19 AM:::Server listening on port 80
5:54:35 AM:::[mus.ec]Created pipe console.LOG
5:54:37 AM:::Server listening on port 80
5:55:54 AM:::[mus.ec]Created pipe console.LOG
5:55:56 AM:::Server listening on port 80
5:57:28 AM:::[mus.ec]Created pipe console.LOG
5:57:30 AM:::Server listening on port 80
6:29:32 AM:::[mus.ec]Created pipe console.LOG
6:29:33 AM:::[mus.ec]Created pipe console.LOG
6:29:35 AM:::Server listening on port 80
6:29:35 AM:::[mus.ec]Created pipe console.LOG
6:29:36 AM:::[mus.ec]Created pipe console.LOG
6:29:38 AM:::Server listening on port 80
6:30:02 AM:::[mus.ec]Created pipe console.LOG
6:30:03 AM:::[mus.ec]Created pipe console.LOG
6:30:05 AM:::Server listening on port 80
6:30:20 AM:::[mus.ec]Created pipe console.LOG
6:30:22 AM:::Server listening on port 80
6:30:40 AM:::[mus.ec]Created pipe console.LOG
6:30:41 AM:::[mus.ec]Created pipe console.LOG
6:30:43 AM:::Server listening on port 80
6:31:17 AM:::[mus.ec]Created pipe console.LOG
6:31:19 AM:::Server listening on port 80
6:31:23 AM:::[mus.ec]Created pipe console.LOG
6:31:25 AM:::Server listening on port 80
6:33:20 AM:::[mus.ec]Created pipe console.LOG
6:33:22 AM:::Server listening on port 80
6:40:16 AM:::[mus.ec]Created pipe console.LOG
6:40:17 AM:::Server listening on port 80
6:41:15 AM:::[mus.ec]Created pipe console.LOG
6:41:16 AM:::[mus.ec]Created pipe console.LOG
6:41:18 AM:::[mus.ec]Created pipe console.LOG
6:41:30 AM:::[mus.ec]Created pipe console.LOG
6:41:33 AM:::[mus.ec]Created pipe console.LOG
6:41:49 AM:::[mus.ec]Created pipe console.LOG
6:41:52 AM:::Server listening on port 80
6:42:16 AM:::[mus.ec]Created pipe console.LOG
6:42:18 AM:::Server listening on port 80
6:42:18 AM:::[mus.ec]Created pipe console.LOG
6:42:20 AM:::Server listening on port 80
6:42:20 AM:::[mus.ec]Created pipe console.LOG
6:42:33 AM:::[mus.ec]Created pipe console.LOG
6:42:36 AM:::Server listening on port 80
6:50:59 AM:::[mus.ec]Created pipe console.LOG
6:51:02 AM:::Server listening on port 80
6:51:02 AM:::[mus.ec]Created pipe console.LOG
6:51:07 AM:::[mus.ec]Created pipe console.LOG
6:51:10 AM:::Server listening on port 80
6:51:10 AM:::[mus.ec]Created pipe console.LOG
6:51:43 AM:::[mus.ec]Created pipe console.LOG
6:51:46 AM:::Server listening on port 80
6:52:18 AM:::[mus.ec]Created pipe console.LOG
6:52:19 AM:::[mus.ec]Created pipe console.LOG
6:52:21 AM:::Server listening on port 80
6:53:14 AM:::[mus.ec]Created pipe console.LOG
6:53:16 AM:::Server listening on port 80
6:53:30 AM:::[mus.ec]Created pipe console.LOG
6:53:32 AM:::0-nickname
6:53:32 AM:::1-jquery-2
6:53:32 AM:::2-jquery
6:53:32 AM:::3-interact
6:53:32 AM:::4-jsonfn
6:53:32 AM:::5-qunit-git
6:53:32 AM:::6-scribe
6:53:32 AM:::7-emitter
6:53:32 AM:::8-elixir
6:53:32 AM:::9-mui
6:53:32 AM:::Server listening on port 80
6:53:41 AM:::[mus.ec]Created pipe console.LOG
6:53:43 AM:::Server listening on port 80
6:55:11 AM:::[mus.ec]Created pipe console.LOG
6:55:13 AM:::Server listening on port 80
6:56:54 AM:::[mus.ec]Created pipe console.LOG
6:56:56 AM:::Server listening on port 80
6:57:06 AM:::[mus.ec]Created pipe console.LOG
6:57:08 AM:::Server listening on port 80
6:58:17 AM:::[mus.ec]Created pipe console.LOG
6:58:19 AM:::Server listening on port 80
6:58:20 AM:::[mus.ec]Created pipe console.LOG
6:58:22 AM:::Server listening on port 80
6:58:58 AM:::[mus.ec]Created pipe console.LOG
6:59:00 AM:::[
6:59:00 AM:::    0,
6:59:00 AM:::    1,
6:59:00 AM:::    2,
6:59:00 AM:::    3,
6:59:00 AM:::    4,
6:59:00 AM:::    5,
6:59:00 AM:::    6,
6:59:00 AM:::    7,
6:59:00 AM:::    8,
6:59:00 AM:::    9
6:59:00 AM:::]
6:59:00 AM:::Server listening on port 80
6:59:08 AM:::[mus.ec]Created pipe console.LOG
6:59:10 AM:::Server listening on port 80
7:01:02 AM:::[mus.ec]Created pipe console.LOG
7:01:03 AM:::[mus.ec]Created pipe console.LOG
7:01:05 AM:::Server listening on port 80
7:01:25 AM:::[mus.ec]Created pipe console.LOG
7:01:27 AM:::Server listening on port 80
7:02:24 AM:::[mus.ec]Created pipe console.LOG
7:02:25 AM:::[mus.ec]Created pipe console.LOG
7:02:27 AM:::Server listening on port 80
7:03:02 AM:::[mus.ec]Created pipe console.LOG
7:03:04 AM:::Server listening on port 80
7:03:52 AM:::[mus.ec]Created pipe console.LOG
7:03:54 AM:::Server listening on port 80
7:04:36 AM:::[mus.ec]Created pipe console.LOG
7:04:37 AM:::[mus.ec]Created pipe console.LOG
7:04:39 AM:::Server listening on port 80
7:05:17 AM:::[mus.ec]Created pipe console.LOG
7:05:19 AM:::Server listening on port 80
7:06:25 AM:::[mus.ec]Created pipe console.LOG
7:06:27 AM:::Server listening on port 80
7:07:43 AM:::[mus.ec]Created pipe console.LOG
7:07:44 AM:::[mus.ec]Created pipe console.LOG
7:07:46 AM:::Server listening on port 80
7:07:47 AM:::[mus.ec]Created pipe console.LOG
7:07:48 AM:::[mus.ec]Created pipe console.LOG
7:07:50 AM:::Server listening on port 80
7:08:02 AM:::[mus.ec]Created pipe console.LOG
7:08:03 AM:::[mus.ec]Created pipe console.LOG
7:08:05 AM:::Server listening on port 80
7:08:08 AM:::[mus.ec]Created pipe console.LOG
7:08:09 AM:::[mus.ec]Created pipe console.LOG
7:08:11 AM:::Server listening on port 80
7:08:46 AM:::[mus.ec]Created pipe console.LOG
7:08:47 AM:::[mus.ec]Created pipe console.LOG
7:08:49 AM:::Server listening on port 80
7:08:59 AM:::[mus.ec]Created pipe console.LOG
7:09:00 AM:::[mus.ec]Created pipe console.LOG
7:09:02 AM:::Server listening on port 80
7:09:44 AM:::[mus.ec]Created pipe console.LOG
7:09:45 AM:::[mus.ec]Created pipe console.LOG
7:09:47 AM:::Server listening on port 80
7:10:13 AM:::[mus.ec]Created pipe console.LOG
7:10:14 AM:::[mus.ec]Created pipe console.LOG
7:10:16 AM:::Server listening on port 80
7:10:35 AM:::[mus.ec]Created pipe console.LOG
7:10:36 AM:::[mus.ec]Created pipe console.LOG
7:10:38 AM:::Server listening on port 80
7:11:30 AM:::[mus.ec]Created pipe console.LOG
7:11:31 AM:::[mus.ec]Created pipe console.LOG
7:11:33 AM:::Server listening on port 80
7:12:32 AM:::[mus.ec]Created pipe console.LOG
7:12:33 AM:::[mus.ec]Created pipe console.LOG
7:12:34 AM:::[mus.ec]Created pipe console.LOG
7:12:35 AM:::[mus.ec]Created pipe console.LOG
7:12:37 AM:::Server listening on port 80
7:13:02 AM:::[mus.ec]Created pipe console.LOG
7:13:03 AM:::[mus.ec]Created pipe console.LOG
7:13:05 AM:::Server listening on port 80
7:13:26 AM:::[mus.ec]Created pipe console.LOG
7:13:27 AM:::[mus.ec]Created pipe console.LOG
7:13:29 AM:::Server listening on port 80
7:14:51 AM:::[mus.ec]Created pipe console.LOG
7:14:52 AM:::[mus.ec]Created pipe console.LOG
7:14:54 AM:::Server listening on port 80
7:16:27 AM:::[mus.ec]Created pipe console.LOG
7:16:28 AM:::[mus.ec]Created pipe console.LOG
7:16:30 AM:::Server listening on port 80
7:17:30 AM:::[mus.ec]Created pipe console.LOG
7:17:31 AM:::[mus.ec]Created pipe console.LOG
7:17:33 AM:::Server listening on port 80
7:18:17 AM:::[mus.ec]Created pipe console.LOG
7:18:18 AM:::[mus.ec]Created pipe console.LOG
7:18:20 AM:::Server listening on port 80
7:18:43 AM:::[mus.ec]Created pipe console.LOG
7:18:44 AM:::[mus.ec]Created pipe console.LOG
7:18:46 AM:::Server listening on port 80
7:19:14 AM:::[mus.ec]Created pipe console.LOG
7:19:16 AM:::Server listening on port 80
7:22:30 AM:::[mus.ec]Created pipe console.LOG
7:22:32 AM:::Server listening on port 80
7:24:42 AM:::[mus.ec]Created pipe console.LOG
7:24:44 AM:::Server listening on port 80
7:24:51 AM:::[mus.ec]Created pipe console.LOG
7:24:53 AM:::Server listening on port 80
7:25:04 AM:::[mus.ec]Created pipe console.LOG
7:25:06 AM:::Server listening on port 80
7:26:18 AM:::[mus.ec]Created pipe console.LOG
7:26:20 AM:::Server listening on port 80
7:26:39 AM:::[mus.ec]Created pipe console.LOG
7:26:41 AM:::Server listening on port 80
7:27:52 AM:::[mus.ec]Created pipe console.LOG
7:27:54 AM:::Server listening on port 80
7:28:14 AM:::[mus.ec]Created pipe console.LOG
7:28:16 AM:::Server listening on port 80
7:31:04 AM:::[mus.ec]Created pipe console.LOG
7:31:06 AM:::[
7:31:06 AM:::    0,
7:31:06 AM:::    1,
7:31:06 AM:::    1,
7:31:06 AM:::    2,
7:31:06 AM:::    3,
7:31:06 AM:::    4,
7:31:06 AM:::    5,
7:31:06 AM:::    6,
7:31:06 AM:::    7,
7:31:06 AM:::    8,
7:31:06 AM:::    9
7:31:06 AM:::]
7:31:06 AM:::Server listening on port 80
7:32:00 AM:::[mus.ec]Created pipe console.LOG
7:32:02 AM:::[
7:32:02 AM:::    0,
7:32:02 AM:::    1,
7:32:02 AM:::    1.1,
7:32:02 AM:::    2,
7:32:02 AM:::    3,
7:32:02 AM:::    4,
7:32:02 AM:::    5,
7:32:02 AM:::    6,
7:32:02 AM:::    7,
7:32:02 AM:::    8,
7:32:02 AM:::    9
7:32:02 AM:::]
7:32:02 AM:::Server listening on port 80
7:35:11 AM:::[mus.ec]Created pipe console.LOG
7:35:12 AM:::[mus.ec]Created pipe console.LOG
7:35:14 AM:::[
7:35:14 AM:::    0,
7:35:14 AM:::    1,
7:35:14 AM:::    1.1,
7:35:14 AM:::    2,
7:35:14 AM:::    3,
7:35:14 AM:::    4,
7:35:14 AM:::    5,
7:35:14 AM:::    6,
7:35:14 AM:::    7,
7:35:14 AM:::    8,
7:35:14 AM:::    9
7:35:14 AM:::]
7:35:14 AM:::[
7:35:14 AM:::    0,
7:35:14 AM:::    1,
7:35:14 AM:::    2,
7:35:14 AM:::    3
7:35:14 AM:::]
7:35:14 AM:::Server listening on port 80
7:38:12 AM:::[mus.ec]Created pipe console.LOG
7:38:15 AM:::[mus.ec]Created pipe console.LOG
7:44:04 AM:::[mus.ec]Created pipe console.LOG
7:44:46 AM:::[mus.ec]Created pipe console.LOG
7:45:07 AM:::[mus.ec]Created pipe console.LOG
7:45:34 AM:::[mus.ec]Created pipe console.LOG
7:46:04 AM:::[mus.ec]Created pipe console.LOG
7:46:33 AM:::[mus.ec]Created pipe console.LOG
7:46:35 AM:::Server listening on port 80
7:46:35 AM:::[mus.ec]Created pipe console.LOG
7:46:37 AM:::Server listening on port 80
7:46:37 AM:::[mus.ec]Created pipe console.LOG
7:46:39 AM:::Server listening on port 80
7:46:39 AM:::[mus.ec]Created pipe console.LOG
7:46:41 AM:::Server listening on port 80
7:46:41 AM:::[mus.ec]Created pipe console.LOG
7:46:43 AM:::Server listening on port 80
7:46:43 AM:::[mus.ec]Created pipe console.LOG
7:46:45 AM:::Server listening on port 80
7:46:45 AM:::[mus.ec]Created pipe console.LOG
7:47:17 AM:::[mus.ec]Created pipe console.LOG
7:47:20 AM:::[mus.ec]Created pipe console.LOG
7:47:22 AM:::Server listening on port 80
7:47:47 AM:::[mus.ec]Created pipe console.LOG
7:47:48 AM:::Server listening on port 80
7:48:25 AM:::[mus.ec]Created pipe console.LOG
7:48:26 AM:::Server listening on port 80
7:48:51 AM:::[mus.ec]Created pipe console.LOG
7:48:53 AM:::Server listening on port 80
7:49:42 AM:::[mus.ec]Created pipe console.LOG
7:49:44 AM:::Server listening on port 80
7:50:58 AM:::[mus.ec]Created pipe console.LOG
7:51:00 AM:::Server listening on port 80
7:51:21 AM:::[mus.ec]Created pipe console.LOG
7:51:23 AM:::Server listening on port 80
7:54:11 AM:::[mus.ec]Created pipe console.LOG
7:54:14 AM:::Server listening on port 80
7:55:19 AM:::[mus.ec]Created pipe console.LOG
7:55:21 AM:::Server listening on port 80
7:57:33 AM:::[mus.ec]Created pipe console.LOG
7:57:44 AM:::[mus.ec]Created pipe console.LOG
7:58:08 AM:::[mus.ec]Created pipe console.LOG
7:58:11 AM:::Server listening on port 80
7:59:00 AM:::[mus.ec]Created pipe console.LOG
7:59:02 AM:::Server listening on port 80
