2:17:10 AM:::[mus.ec]Created pipe console.LOG
2:17:12 AM:::Server listening on port 80
2:19:53 AM:::[mus.ec]Created pipe console.LOG
2:19:55 AM:::Server listening on port 80
2:20:43 AM:::[mus.ec]Created pipe console.LOG
2:20:45 AM:::Server listening on port 80
2:22:04 AM:::[mus.ec]Created pipe console.LOG
2:22:06 AM:::Server listening on port 80
2:22:45 AM:::[mus.ec]Created pipe console.LOG
2:22:47 AM:::Server listening on port 80
2:52:22 AM:::[mus.ec]Created pipe console.LOG
2:52:24 AM:::Server listening on port 80
2:53:19 AM:::[mus.ec]Created pipe console.LOG
2:53:21 AM:::Server listening on port 80
2:55:40 AM:::[mus.ec]Created pipe console.LOG
2:55:42 AM:::Server listening on port 80
2:56:19 AM:::[mus.ec]Created pipe console.LOG
2:56:21 AM:::Server listening on port 80
2:57:23 AM:::[mus.ec]Created pipe console.LOG
2:57:25 AM:::Server listening on port 80
2:57:50 AM:::[mus.ec]Created pipe console.LOG
2:57:52 AM:::Server listening on port 80
4:42:53 AM:::[mus.ec]Created pipe console.LOG
4:42:55 AM:::Server listening on port 80
4:45:02 AM:::[mus.ec]Created pipe console.LOG
4:45:04 AM:::Server listening on port 80
4:55:47 AM:::[mus.ec]Created pipe console.LOG
4:55:49 AM:::Server listening on port 80
4:58:37 AM:::[mus.ec]Created pipe console.LOG
4:58:55 AM:::[mus.ec]Created pipe console.LOG
4:59:08 AM:::Server listening on port 80
5:00:48 AM:::[mus.ec]Created pipe console.LOG
5:00:50 AM:::Server listening on port 80
5:11:15 AM:::[mus.ec]Created pipe console.LOG
5:11:17 AM:::Server listening on port 80
5:11:56 AM:::[mus.ec]Created pipe console.LOG
5:11:58 AM:::Server listening on port 80
5:15:37 AM:::[mus.ec]Created pipe console.LOG
5:15:39 AM:::Server listening on port 80
5:17:23 AM:::[mus.ec]Created pipe console.LOG
5:17:26 AM:::Server listening on port 80
5:19:56 AM:::[mus.ec]Created pipe console.LOG
5:19:58 AM:::Server listening on port 80
5:21:55 AM:::[mus.ec]Created pipe console.LOG
5:21:57 AM:::Server listening on port 80
5:23:20 AM:::[mus.ec]Created pipe console.LOG
5:23:22 AM:::Server listening on port 80
5:24:16 AM:::[mus.ec]Created pipe console.LOG
5:24:19 AM:::Server listening on port 80
5:25:45 AM:::[mus.ec]Created pipe console.LOG
5:25:47 AM:::Server listening on port 80
5:26:35 AM:::[mus.ec]Created pipe console.LOG
5:26:37 AM:::Server listening on port 80
5:28:08 AM:::[mus.ec]Created pipe console.LOG
5:28:11 AM:::Server listening on port 80
5:29:07 AM:::[mus.ec]Created pipe console.LOG
5:29:09 AM:::Server listening on port 80
5:29:49 AM:::[mus.ec]Created pipe console.LOG
5:30:13 AM:::Server listening on port 80
5:32:41 AM:::[mus.ec]Created pipe console.LOG
5:32:42 AM:::{
5:32:42 AM:::    "0": "17"
5:32:42 AM:::}
5:32:42 AM:::{}
5:32:42 AM:::{
5:32:42 AM:::    "0": "11"
5:32:42 AM:::}
5:32:42 AM:::{}
5:32:42 AM:::{
5:32:42 AM:::    "0": "3"
5:32:42 AM:::}
5:32:42 AM:::{}
5:32:43 AM:::Server listening on port 80
5:34:36 AM:::[mus.ec]Created pipe console.LOG
5:34:37 AM:::{
5:34:37 AM:::    "0": "17"
5:34:37 AM:::}
5:34:37 AM:::{}
5:34:37 AM:::{
5:34:37 AM:::    "0": "11"
5:34:37 AM:::}
5:34:37 AM:::{}
5:34:37 AM:::{
5:34:37 AM:::    "0": "3"
5:34:37 AM:::}
5:34:37 AM:::{}
5:34:38 AM:::Server listening on port 80
5:34:55 AM:::[mus.ec]Created pipe console.LOG
5:34:56 AM:::{
5:34:56 AM:::    "0": "17"
5:34:56 AM:::}
5:34:56 AM:::{}
5:34:56 AM:::{
5:34:56 AM:::    "0": "11"
5:34:56 AM:::}
5:34:56 AM:::{}
5:34:56 AM:::{
5:34:56 AM:::    "0": "3"
5:34:56 AM:::}
5:34:56 AM:::{}
5:34:57 AM:::Server listening on port 80
5:35:37 AM:::[mus.ec]Created pipe console.LOG
5:35:38 AM:::{
5:35:38 AM:::    "0": "17"
5:35:38 AM:::}
5:35:38 AM:::[
5:35:38 AM:::    10,
5:35:38 AM:::    "17"
5:35:38 AM:::]
5:35:38 AM:::{
5:35:38 AM:::    "0": "11"
5:35:38 AM:::}
5:35:38 AM:::[
5:35:38 AM:::    10,
5:35:38 AM:::    "11"
5:35:38 AM:::]
5:35:38 AM:::{
5:35:38 AM:::    "0": "3"
5:35:38 AM:::}
5:35:38 AM:::[
5:35:38 AM:::    10,
5:35:38 AM:::    "3"
5:35:38 AM:::]
5:35:39 AM:::Server listening on port 80
5:36:03 AM:::[mus.ec]Created pipe console.LOG
5:36:04 AM:::[
5:36:04 AM:::    "Listener add for on `%s` event.",
5:36:04 AM:::    "17"
5:36:04 AM:::]
5:36:04 AM:::[
5:36:04 AM:::    "Listener add for on `%s` event.",
5:36:04 AM:::    "11"
5:36:04 AM:::]
5:36:04 AM:::[
5:36:04 AM:::    "Listener add for on `%s` event.",
5:36:04 AM:::    "3"
5:36:04 AM:::]
5:36:05 AM:::Server listening on port 80
5:36:38 AM:::[mus.ec]Created pipe console.LOG
5:36:39 AM:::"Listener add for on `%s` event."
5:36:39 AM:::"Listener add for on `%s` event."
5:36:39 AM:::"Listener add for on `%s` event."
5:36:41 AM:::Server listening on port 80
6:33:10 PM:::[mus.ec]Created pipe console.LOG
6:33:11 PM:::"Listener add for on `%s` event."
6:33:11 PM:::"Listener add for on `%s` event."
6:33:11 PM:::"Listener add for on `%s` event."
6:33:11 PM:::[mus.ec]Created pipe console.LOG
6:33:12 PM:::"Listener add for on `%s` event."
6:33:12 PM:::"Listener add for on `%s` event."
6:33:12 PM:::"Listener add for on `%s` event."
6:33:12 PM:::[mus.ec]Created pipe console.LOG
6:33:21 PM:::[mus.ec]Created pipe console.LOG
6:33:22 PM:::"Listener add for on `%s` event."
6:33:22 PM:::"Listener add for on `%s` event."
6:33:22 PM:::"Listener add for on `%s` event."
6:33:23 PM:::Server listening on port 80
6:33:39 PM:::[mus.ec]Created pipe console.LOG
6:33:40 PM:::"Listener add for on `%s` event."
6:33:40 PM:::"Listener add for on `%s` event."
6:33:40 PM:::"Listener add for on `%s` event."
6:33:41 PM:::Server listening on port 80
6:34:00 PM:::[mus.ec]Created pipe console.LOG
6:34:01 PM:::asdListener add for on `%s` event., 17
6:34:01 PM:::"Listener add for on `%s` event."
6:34:01 PM:::asdListener add for on `%s` event., 11
6:34:01 PM:::"Listener add for on `%s` event."
6:34:01 PM:::asdListener add for on `%s` event., 3
6:34:01 PM:::"Listener add for on `%s` event."
6:34:02 PM:::Server listening on port 80
6:34:32 PM:::[mus.ec]Created pipe console.LOG
6:34:33 PM:::HEREREListener add for on `%s` event., 17
6:34:33 PM:::"Listener add for on `%s` event."
6:34:33 PM:::HEREREListener add for on `%s` event., 11
6:34:33 PM:::"Listener add for on `%s` event."
6:34:33 PM:::HEREREListener add for on `%s` event., 3
6:34:33 PM:::"Listener add for on `%s` event."
6:34:34 PM:::Server listening on port 80
6:35:19 PM:::[mus.ec]Created pipe console.LOG
6:35:19 PM:::"Listener add for on `%s` event."
6:35:19 PM:::"Listener add for on `%s` event."
6:35:19 PM:::"Listener add for on `%s` event."
6:35:21 PM:::Server listening on port 80
6:35:55 PM:::[mus.ec]Created pipe console.LOG
6:35:57 PM:::Server listening on port 80
6:36:28 PM:::[mus.ec]Created pipe console.LOG
6:36:29 PM:::hererer2
6:36:29 PM:::hererer2
6:36:29 PM:::hererer2
6:36:30 PM:::Server listening on port 80
6:36:46 PM:::[mus.ec]Created pipe console.LOG
6:36:46 PM:::object
6:36:46 PM:::object
6:36:46 PM:::object
6:36:48 PM:::Server listening on port 80
6:37:00 PM:::[mus.ec]Created pipe console.LOG
6:37:01 PM:::"Listener add for on `%s` event."
6:37:01 PM:::"Listener add for on `%s` event."
6:37:01 PM:::"Listener add for on `%s` event."
6:37:02 PM:::Server listening on port 80
6:37:27 PM:::[mus.ec]Created pipe console.LOG
6:37:34 PM:::"Listener add for on `%s` event."
6:37:34 PM:::"Listener add for on `%s` event."
6:37:34 PM:::"Listener add for on `%s` event."
6:37:48 PM:::Server listening on port 80
6:38:04 PM:::[mus.ec]Created pipe console.LOG
6:38:12 PM:::hererer
6:38:12 PM:::here17
6:38:12 PM:::hererer
6:38:12 PM:::here11
6:38:12 PM:::hererer
6:38:12 PM:::here3
6:38:28 PM:::Server listening on port 80
6:38:48 PM:::[mus.ec]Created pipe console.LOG
6:38:55 PM:::here17
6:38:55 PM:::here11
6:38:55 PM:::here3
6:39:11 PM:::Server listening on port 80
6:41:20 PM:::[mus.ec]Created pipe console.LOG
6:41:23 PM:::Server listening on port 80
6:42:11 PM:::[mus.ec]Created pipe console.LOG
6:42:14 PM:::Server listening on port 80
7:34:46 PM:::[mus.ec]Created pipe console.LOG
7:34:48 PM:::Server listening on port 80
7:42:33 PM:::[mus.ec]Created pipe console.LOG
7:42:35 PM:::Server listening on port 80
7:43:07 PM:::[mus.ec]Created pipe console.LOG
7:43:09 PM:::Server listening on port 80
7:45:11 PM:::[mus.ec]Created pipe console.LOG
7:45:13 PM:::Server listening on port 80
7:55:56 PM:::[mus.ec]Created pipe console.LOG
7:55:59 PM:::Server listening on port 80
